<?xml version="1.0" encoding="UTF-8"?>
<testng-results ignored="0" total="2" passed="2" failed="0" skipped="0">
  <reporter-output>
  </reporter-output>
  <suite started-at="2025-07-16T14:36:12 IST" name="Default suite" finished-at="2025-07-16T14:36:21 IST" duration-ms="9152">
    <groups>
    </groups>
    <test started-at="2025-07-16T14:36:12 IST" name="Default test" finished-at="2025-07-16T14:36:21 IST" duration-ms="9152">
      <class name="testCases.TC003_AddEmployee">
        <test-method is-config="true" signature="setup()[pri:0, instance:testCases.TC003_AddEmployee@7d20d0b]" started-at="2025-07-16T14:36:12 IST" name="setup" finished-at="2025-07-16T14:36:16 IST" duration-ms="4293" status="PASS">
          <reporter-output>
          </reporter-output>
        </test-method> <!-- setup -->
        <test-method signature="verify_login()[pri:0, instance:testCases.TC003_AddEmployee@7d20d0b]" started-at="2025-07-16T14:36:16 IST" name="verify_login" finished-at="2025-07-16T14:36:18 IST" duration-ms="1862" status="PASS">
          <reporter-output>
          </reporter-output>
        </test-method> <!-- verify_login -->
        <test-method signature="verivy_addEmployee()[pri:0, instance:testCases.TC003_AddEmployee@7d20d0b]" started-at="2025-07-16T14:36:18 IST" name="verivy_addEmployee" finished-at="2025-07-16T14:36:21 IST" duration-ms="2797" status="PASS">
          <reporter-output>
          </reporter-output>
        </test-method> <!-- verivy_addEmployee -->
        <test-method is-config="true" signature="tearDown()[pri:0, instance:testCases.TC003_AddEmployee@7d20d0b]" started-at="2025-07-16T14:36:21 IST" name="tearDown" finished-at="2025-07-16T14:36:21 IST" duration-ms="175" status="PASS">
          <reporter-output>
          </reporter-output>
        </test-method> <!-- tearDown -->
      </class> <!-- testCases.TC003_AddEmployee -->
    </test> <!-- Default test -->
  </suite> <!-- Default suite -->
</testng-results>
